{
  "RSpec": {
    "coverage": {
      "/home/andela/workspace/bucket-list/config/environment.rb": [
        null,
        1,
        null,
        null,
        1
      ],
      "/home/andela/workspace/bucket-list/config/application.rb": [
        1,
        null,
        1,
        null,
        null,
        null,
        1,
        null,
        1,
        1,
        null,
        null,
        null,
        null,
        null,
        null,
        null,
        null,
        null,
        null,
        null,
        null,
        null,
        null,
        null,
        null,
        null,
        null,
        1,
        null,
        null
      ],
      "/home/andela/workspace/bucket-list/config/boot.rb": [
        1,
        null,
        1
      ],
      "/home/andela/workspace/bucket-list/config/environments/test.rb": [
        1,
        null,
        null,
        null,
        null,
        null,
        null,
        1,
        null,
        null,
        null,
        null,
        1,
        null,
        null,
        1,
        1,
        null,
        null,
        1,
        1,
        null,
        null,
        1,
        null,
        null,
        1,
        null,
        null,
        null,
        null,
        1,
        null,
        null,
        1,
        null,
        null,
        1,
        null,
        null,
        null,
        null
      ],
      "/home/andela/workspace/bucket-list/config/initializers/filter_parameter_logging.rb": [
        null,
        null,
        null,
        1
      ],
      "/home/andela/workspace/bucket-list/config/initializers/secret_token.rb": [
        null,
        null,
        null,
        null,
        null,
        null,
        null,
        null,
        null,
        null,
        null,
        null,
        null,
        null,
        null,
        null,
        null,
        null,
        1,
        null,
        null
      ],
      "/home/andela/workspace/bucket-list/config/initializers/wrap_parameters.rb": [
        null,
        null,
        null,
        null,
        null,
        null,
        null,
        null,
        null,
        null,
        null,
        null,
        null
      ],
      "/home/andela/workspace/bucket-list/config/routes.rb": [
        1,
        1,
        1,
        1,
        1,
        1,
        1,
        null,
        null,
        1,
        null,
        null,
        null,
        null,
        null,
        null,
        null,
        null,
        null,
        null,
        null,
        null,
        null,
        null,
        null,
        null,
        null,
        null,
        null,
        null,
        null,
        null,
        null,
        null,
        null,
        null,
        null,
        null,
        null,
        null,
        null,
        null,
        null,
        null,
        null,
        null,
        null,
        null,
        null,
        null,
        null,
        null,
        null,
        null,
        null,
        null,
        null,
        null,
        null,
        null,
        null,
        null,
        null,
        null,
        null,
        null,
        null
      ],
      "/home/andela/workspace/bucket-list/app/controllers/v1/users_controller.rb": [
        1,
        1,
        1,
        null,
        1,
        1,
        1,
        null,
        null,
        1,
        0,
        0,
        0,
        null,
        0,
        null,
        null,
        null,
        1,
        null,
        1,
        2,
        null,
        null,
        null
      ],
      "/home/andela/workspace/bucket-list/app/controllers/application_controller.rb": [
        1,
        1,
        null,
        1,
        0,
        null,
        0,
        null,
        null,
        1,
        0,
        0,
        0,
        0,
        0,
        0,
        null,
        0,
        null,
        null,
        null,
        1,
        0,
        0,
        null,
        null,
        null
      ],
      "/home/andela/workspace/bucket-list/app/models/user.rb": [
        1,
        1,
        1,
        1,
        null,
        1,
        1,
        1,
        null,
        null,
        1,
        null
      ],
      "/home/andela/workspace/bucket-list/app/serializers/user_serializer.rb": [
        1,
        1,
        null,
        1,
        null,
        1,
        1,
        1,
        0,
        null,
        1,
        null,
        1,
        null,
        null
      ],
      "/home/andela/workspace/bucket-list/app/models/bucketlist.rb": [
        1,
        1,
        1,
        1,
        1,
        null,
        1,
        0,
        null,
        null
      ]
    },
    "timestamp": 1449663177
  },
  "Unit Tests": {
    "coverage": {
      "/home/andela/workspace/bucket-list/config/environment.rb": [
        null,
        1,
        null,
        null,
        1
      ],
      "/home/andela/workspace/bucket-list/config/environments/test.rb": [
        1,
        null,
        null,
        null,
        null,
        null,
        null,
        1,
        null,
        null,
        null,
        null,
        1,
        null,
        null,
        1,
        1,
        null,
        null,
        1,
        1,
        null,
        null,
        1,
        null,
        null,
        1,
        null,
        null,
        null,
        null,
        1,
        null,
        null,
        1,
        null,
        null,
        1,
        null,
        null,
        null,
        null
      ],
      "/home/andela/workspace/bucket-list/config/initializers/filter_parameter_logging.rb": [
        null,
        null,
        null,
        1
      ],
      "/home/andela/workspace/bucket-list/config/initializers/secret_token.rb": [
        null,
        null,
        null,
        null,
        null,
        null,
        null,
        null,
        null,
        null,
        null,
        null,
        null,
        null,
        null,
        null,
        null,
        null,
        1,
        null,
        null
      ],
      "/home/andela/workspace/bucket-list/config/initializers/wrap_parameters.rb": [
        null,
        null,
        null,
        null,
        null,
        null,
        null,
        null,
        null,
        null,
        null,
        null,
        null
      ],
      "/home/andela/workspace/bucket-list/config/routes.rb": [
        1,
        null,
        1,
        1,
        1,
        1,
        1,
        1,
        null,
        null,
        1,
        null,
        null,
        null,
        null,
        null,
        null,
        null,
        null,
        null,
        null,
        null,
        null,
        null,
        null,
        null,
        null,
        null,
        null,
        null,
        null,
        null,
        null,
        null,
        null,
        null,
        null,
        null,
        null,
        null,
        null,
        null,
        null,
        null,
        null,
        null,
        null,
        null,
        null,
        null,
        null,
        null,
        null,
        null,
        null,
        null,
        null,
        null,
        null,
        null,
        null,
        null,
        null,
        null,
        null,
        null,
        null
      ],
      "/home/andela/workspace/bucket-list/app/models/user.rb": [
        1,
        1,
        1,
        1,
        null,
        1,
        1,
        1,
        null,
        null,
        1,
        null
      ],
      "/home/andela/workspace/bucket-list/app/controllers/v1/auth_controller.rb": [
        1,
        1,
        1,
        1,
        11,
        11,
        0,
        11,
        11,
        11,
        11,
        11,
        null,
        0,
        null,
        null,
        null,
        1,
        0,
        0,
        0,
        0,
        null,
        null,
        1,
        null,
        1,
        22,
        null,
        null,
        null
      ],
      "/home/andela/workspace/bucket-list/app/controllers/application_controller.rb": [
        1,
        1,
        null,
        1,
        0,
        null,
        0,
        null,
        null,
        1,
        51,
        51,
        51,
        51,
        51,
        51,
        null,
        0,
        null,
        null,
        null,
        1,
        51,
        0,
        null,
        null,
        null
      ],
      "/home/andela/workspace/bucket-list/app/controllers/v1/authenticate.rb": [
        1,
        1,
        1,
        1,
        62,
        null,
        null,
        1,
        11,
        11,
        null,
        null,
        1,
        51,
        51,
        null,
        0,
        null,
        0,
        null,
        null,
        null
      ],
      "/home/andela/workspace/bucket-list/app/controllers/v1/bucketlists_controller.rb": [
        1,
        1,
        1,
        null,
        1,
        5,
        2,
        2,
        2,
        null,
        3,
        3,
        3,
        null,
        null,
        null,
        1,
        1,
        1,
        1,
        1,
        null,
        0,
        null,
        null,
        null,
        1,
        42,
        42,
        42,
        41,
        null,
        1,
        null,
        null,
        null,
        1,
        2,
        2,
        1,
        null,
        1,
        null,
        null,
        null,
        1,
        1,
        1,
        1,
        null,
        null,
        null,
        1,
        null,
        1,
        44,
        null,
        null,
        1,
        5,
        5,
        5,
        5,
        null,
        null,
        1,
        5,
        1,
        4,
        1,
        null,
        3,
        null,
        null,
        null,
        null
      ],
      "/home/andela/workspace/bucket-list/app/models/bucketlist.rb": [
        1,
        1,
        1,
        1,
        1,
        null,
        1,
        3,
        null,
        null,
        1,
        2,
        2,
        null,
        null
      ],
      "/home/andela/workspace/bucket-list/app/serializers/bucketlist_serializer.rb": [
        1,
        1,
        null,
        1,
        1,
        54,
        54,
        null,
        null,
        1,
        54,
        54,
        54,
        null,
        0,
        null,
        54,
        null,
        null
      ],
      "/home/andela/workspace/bucket-list/app/models/item.rb": [
        1,
        1,
        null,
        1,
        1,
        1,
        null
      ]
    },
    "timestamp": 1449763686
  },
  "MiniTest": {
    "coverage": {
      "/home/andela/workspace/bucket-list/config/environment.rb": [
        null,
        1,
        null,
        null,
        1
      ],
      "/home/andela/workspace/bucket-list/config/environments/test.rb": [
        1,
        null,
        null,
        null,
        null,
        null,
        null,
        1,
        null,
        null,
        null,
        null,
        1,
        null,
        null,
        1,
        1,
        null,
        null,
        1,
        1,
        null,
        null,
        1,
        null,
        null,
        1,
        null,
        null,
        null,
        null,
        1,
        null,
        null,
        1,
        null,
        null,
        1,
        null,
        null,
        null,
        null
      ],
      "/home/andela/workspace/bucket-list/config/initializers/filter_parameter_logging.rb": [
        null,
        null,
        null,
        1
      ],
      "/home/andela/workspace/bucket-list/config/initializers/secret_token.rb": [
        null,
        null,
        null,
        null,
        null,
        null,
        null,
        null,
        null,
        null,
        null,
        null,
        null,
        null,
        null,
        null,
        null,
        null,
        1,
        null,
        null
      ],
      "/home/andela/workspace/bucket-list/config/initializers/wrap_parameters.rb": [
        null,
        null,
        null,
        null,
        null,
        null,
        null,
        null,
        null,
        null,
        null,
        null,
        null
      ],
      "/home/andela/workspace/bucket-list/config/routes.rb": [
        1,
        null,
        1,
        1,
        1,
        1,
        1,
        1,
        null,
        null,
        1,
        null,
        null,
        null,
        null,
        null,
        null,
        null,
        null,
        null,
        null,
        null,
        null,
        null,
        null,
        null,
        null,
        null,
        null,
        null,
        null,
        null,
        null,
        null,
        null,
        null,
        null,
        null,
        null,
        null,
        null,
        null,
        null,
        null,
        null,
        null,
        null,
        null,
        null,
        null,
        null,
        null,
        null,
        null,
        null,
        null,
        null,
        null,
        null,
        null,
        null,
        null,
        null,
        null,
        null,
        null,
        null
      ],
      "/home/andela/workspace/bucket-list/app/models/user.rb": [
        1,
        1,
        1,
        1,
        null,
        1,
        1,
        1,
        null,
        null,
        1,
        null
      ],
      "/home/andela/workspace/bucket-list/app/controllers/v1/auth_controller.rb": [
        1,
        1,
        1,
        1,
        13,
        13,
        0,
        13,
        13,
        13,
        13,
        13,
        null,
        0,
        null,
        null,
        null,
        1,
        0,
        0,
        0,
        0,
        null,
        null,
        1,
        null,
        1,
        26,
        null,
        null,
        null
      ],
      "/home/andela/workspace/bucket-list/app/controllers/application_controller.rb": [
        1,
        1,
        null,
        1,
        0,
        null,
        0,
        null,
        null,
        1,
        54,
        54,
        54,
        53,
        53,
        53,
        null,
        1,
        null,
        null,
        null,
        1,
        53,
        0,
        null,
        null,
        null
      ],
      "/home/andela/workspace/bucket-list/app/controllers/v1/authenticate.rb": [
        1,
        1,
        1,
        1,
        67,
        null,
        null,
        1,
        13,
        13,
        null,
        null,
        1,
        54,
        53,
        null,
        0,
        null,
        1,
        null,
        null,
        null
      ],
      "/home/andela/workspace/bucket-list/app/controllers/v1/bucketlists_controller.rb": [
        1,
        1,
        1,
        null,
        1,
        4,
        2,
        2,
        2,
        null,
        2,
        2,
        2,
        null,
        null,
        null,
        1,
        2,
        2,
        2,
        1,
        null,
        1,
        null,
        null,
        null,
        1,
        42,
        42,
        42,
        41,
        null,
        1,
        null,
        null,
        null,
        1,
        2,
        2,
        1,
        null,
        1,
        null,
        null,
        null,
        1,
        1,
        1,
        1,
        null,
        null,
        null,
        1,
        null,
        1,
        44,
        null,
        null,
        1,
        4,
        4,
        4,
        4,
        null,
        null,
        1,
        4,
        1,
        3,
        1,
        null,
        2,
        null,
        null,
        null,
        null
      ],
      "/home/andela/workspace/bucket-list/app/models/bucketlist.rb": [
        1,
        1,
        1,
        1,
        1,
        null,
        1,
        2,
        null,
        null,
        1,
        2,
        2,
        null,
        null
      ],
      "/home/andela/workspace/bucket-list/app/serializers/bucketlist_serializer.rb": [
        1,
        1,
        null,
        1,
        1,
        50,
        50,
        null,
        null,
        1,
        50,
        50,
        50,
        null,
        0,
        null,
        50,
        null,
        null
      ],
      "/home/andela/workspace/bucket-list/app/models/item.rb": [
        1,
        1,
        null,
        1,
        1,
        1,
        null
      ],
      "/home/andela/workspace/bucket-list/app/controllers/v1/users_controller.rb": [
        1,
        1,
        1,
        null,
        1,
        6,
        6,
        1,
        null,
        5,
        null,
        null,
        null,
        1,
        2,
        2,
        1,
        null,
        1,
        null,
        null,
        null,
        1,
        null,
        1,
        8,
        null,
        null,
        null
      ],
      "/home/andela/workspace/bucket-list/app/serializers/user_serializer.rb": [
        1,
        1,
        null,
        null
      ]
    },
    "timestamp": 1449764599
  }
}
